2025-01-09 20:06:50 [main] INFO  org.testng.internal.Utils - [Utils] MethodGroupsHelper.collectMethodsByGroup() took 16 ms.
2025-01-09 20:06:50 [main] INFO  org.testng.internal.Utils - [Utils] MethodGroupsHelper.sortMethods() took 23 ms.
2025-01-09 20:06:50 [main] INFO  org.testng.internal.Utils - [Utils] MethodGroupsHelper.collectMethodsByGroup() took 0 ms.
2025-01-09 20:06:50 [main] INFO  org.testng.internal.Utils - [Utils] MethodGroupsHelper.sortMethods() took 0 ms.
2025-01-09 20:06:50 [main] INFO  org.testng.internal.Utils - [Utils] MethodGroupsHelper.collectMethodsByGroup() took 0 ms.
2025-01-09 20:06:50 [main] INFO  org.testng.internal.Utils - [Utils] MethodGroupsHelper.sortMethods() took 0 ms.
2025-01-09 20:06:50 [main] INFO  org.testng.internal.Utils - [Utils] MethodGroupsHelper.collectMethodsByGroup() took 0 ms.
2025-01-09 20:06:50 [main] INFO  org.testng.internal.Utils - [Utils] MethodGroupsHelper.sortMethods() took 0 ms.
2025-01-09 20:06:50 [main] INFO  org.testng.internal.Utils - [Utils] MethodGroupsHelper.collectMethodsByGroup() took 0 ms.
2025-01-09 20:06:50 [main] INFO  org.testng.internal.Utils - [Utils] MethodGroupsHelper.sortMethods() took 0 ms.
2025-01-09 20:06:50 [main] INFO  org.testng.internal.Utils - [Utils] MethodGroupsHelper.collectMethodsByGroup() took 0 ms.
2025-01-09 20:06:50 [main] INFO  org.testng.internal.Utils - [Utils] MethodGroupsHelper.sortMethods() took 0 ms.
2025-01-09 20:06:50 [main] INFO  org.testng.internal.Utils - [Utils] MethodGroupsHelper.collectMethodsByGroup() took 0 ms.
2025-01-09 20:06:50 [main] INFO  org.testng.internal.Utils - [Utils] MethodGroupsHelper.sortMethods() took 0 ms.
2025-01-09 20:06:50 [main] INFO  org.testng.internal.Utils - [Utils] MethodGroupsHelper.collectMethodsByGroup() took 0 ms.
2025-01-09 20:06:50 [main] INFO  org.testng.internal.Utils - [Utils] MethodGroupsHelper.sortMethods() took 0 ms.
2025-01-09 20:06:50 [main] INFO  org.testng.internal.Utils - [Utils] MethodGroupsHelper.collectMethodsByGroup() took 0 ms.
2025-01-09 20:06:50 [main] INFO  org.testng.internal.Utils - [Utils] MethodGroupsHelper.sortMethods() took 0 ms.
2025-01-09 20:06:50 [main] INFO  org.testng.internal.Utils - [Utils] MethodGroupsHelper.collectMethodsByGroup() took 0 ms.
2025-01-09 20:06:50 [main] INFO  org.testng.internal.Utils - [Utils] MethodGroupsHelper.sortMethods() took 0 ms.
2025-01-09 20:06:50 [main] INFO  org.testng.internal.Utils - [Utils] MethodGroupsHelper.collectMethodsByGroup() took 2 ms.
2025-01-09 20:06:50 [main] INFO  org.testng.internal.Utils - [Utils] MethodGroupsHelper.sortMethods() took 1 ms.
2025-01-09 20:06:50 [main] INFO  org.testng.internal.Utils - [Utils] MethodGroupsHelper.collectMethodsByGroup() took 0 ms.
2025-01-09 20:06:50 [main] INFO  org.testng.internal.Utils - [Utils] MethodGroupsHelper.sortMethods() took 0 ms.
2025-01-09 20:06:50 [main] INFO  org.testng.internal.Utils - [Utils] MethodGroupsHelper.collectMethodsByGroup() took 1 ms.
2025-01-09 20:06:50 [main] INFO  org.testng.internal.Utils - [Utils] MethodGroupsHelper.sortMethods() took 3 ms.
2025-01-09 20:06:50 [main] INFO  org.testng.internal.Utils - [Utils] MethodGroupsHelper.collectMethodsByGroup() took 0 ms.
2025-01-09 20:06:50 [main] INFO  org.testng.internal.Utils - [Utils] MethodGroupsHelper.sortMethods() took 0 ms.
2025-01-09 20:06:50 [main] INFO  org.testng.internal.Utils - [Utils] MethodGroupsHelper.collectMethodsByGroup() took 0 ms.
2025-01-09 20:06:50 [main] INFO  org.testng.internal.Utils - [Utils] MethodGroupsHelper.sortMethods() took 0 ms.
2025-01-09 20:06:50 [main] INFO  org.testng.internal.Utils - [TestNG] Running:
  C:\Users\TechnoQA1\AppData\Local\Temp\testng-eclipse-2076404316\testng-customsuite.xml

2025-01-09 20:06:50 [main] INFO  tests.logintest.SignUpTest - Starting test suite...
2025-01-09 20:06:50 [main] INFO  tests.logintest.SignUpTest - Detected browser: chrome
2025-01-09 20:06:55 [main] INFO  tests.logintest.SignUpTest - Chrome browser initialized.
2025-01-09 20:06:55 [main] INFO  tests.logintest.SignUpTest - Chrome browser setup completed.
2025-01-09 20:06:55 [main] INFO  tests.logintest.SignUpTest - Browser window maximized and cookies deleted.
2025-01-09 20:06:55 [main] INFO  tests.logintest.SignUpTest - Launching URL: https://glovbox.com.au
2025-01-09 20:06:57 [main] INFO  tests.logintest.SignUpTest - URL launched: https://glovbox.com.au
2025-01-09 20:06:57 [main] INFO  tests.logintest.SignUpTest - Test suite initialized successfully.
2025-01-09 20:06:57 [main] INFO  org.testng.internal.Utils - [Utils] DynamicGraphHelper.createDynamicGraph() took 53 ms.
2025-01-09 20:07:01 [main] INFO  org.testng.internal.Utils - [TestNG] Time taken by org.testng.reporters.jq.Main@3c0036b: 236 ms
2025-01-09 20:07:01 [main] INFO  org.testng.internal.Utils - [TestNG] Time taken by org.testng.reporters.FailedReporter@17814b1c: 1 ms
2025-01-09 20:07:01 [main] INFO  org.testng.internal.Utils - [TestNG] Time taken by org.testng.reporters.XMLReporter@63ec445c: 16 ms
2025-01-09 20:07:01 [main] INFO  org.testng.internal.Utils - [TestNG] Time taken by org.testng.reporters.EmailableReporter2@4c03a37: 18 ms
2025-01-09 20:07:01 [main] INFO  org.testng.internal.Utils - [TestNG] Time taken by org.testng.reporters.JUnitReportReporter@4ae263bf: 16 ms
2025-01-09 20:07:01 [main] INFO  org.testng.internal.Utils - [TestNG] Time taken by org.testng.internal.ExitCodeListener@7103ab0: 0 ms
