2025-01-09 19:59:12 [main] INFO  org.testng.internal.Utils - [Utils] MethodGroupsHelper.collectMethodsByGroup() took 23 ms.
2025-01-09 19:59:12 [main] INFO  org.testng.internal.Utils - [Utils] MethodGroupsHelper.sortMethods() took 28 ms.
2025-01-09 19:59:12 [main] INFO  org.testng.internal.Utils - [Utils] MethodGroupsHelper.collectMethodsByGroup() took 0 ms.
2025-01-09 19:59:12 [main] INFO  org.testng.internal.Utils - [Utils] MethodGroupsHelper.sortMethods() took 0 ms.
2025-01-09 19:59:12 [main] INFO  org.testng.internal.Utils - [Utils] MethodGroupsHelper.collectMethodsByGroup() took 0 ms.
2025-01-09 19:59:12 [main] INFO  org.testng.internal.Utils - [Utils] MethodGroupsHelper.sortMethods() took 0 ms.
2025-01-09 19:59:12 [main] INFO  org.testng.internal.Utils - [Utils] MethodGroupsHelper.collectMethodsByGroup() took 0 ms.
2025-01-09 19:59:12 [main] INFO  org.testng.internal.Utils - [Utils] MethodGroupsHelper.sortMethods() took 0 ms.
2025-01-09 19:59:12 [main] INFO  org.testng.internal.Utils - [Utils] MethodGroupsHelper.collectMethodsByGroup() took 0 ms.
2025-01-09 19:59:12 [main] INFO  org.testng.internal.Utils - [Utils] MethodGroupsHelper.sortMethods() took 0 ms.
2025-01-09 19:59:12 [main] INFO  org.testng.internal.Utils - [Utils] MethodGroupsHelper.collectMethodsByGroup() took 0 ms.
2025-01-09 19:59:12 [main] INFO  org.testng.internal.Utils - [Utils] MethodGroupsHelper.sortMethods() took 0 ms.
2025-01-09 19:59:12 [main] INFO  org.testng.internal.Utils - [Utils] MethodGroupsHelper.collectMethodsByGroup() took 0 ms.
2025-01-09 19:59:12 [main] INFO  org.testng.internal.Utils - [Utils] MethodGroupsHelper.sortMethods() took 0 ms.
2025-01-09 19:59:12 [main] INFO  org.testng.internal.Utils - [Utils] MethodGroupsHelper.collectMethodsByGroup() took 0 ms.
2025-01-09 19:59:12 [main] INFO  org.testng.internal.Utils - [Utils] MethodGroupsHelper.sortMethods() took 0 ms.
2025-01-09 19:59:12 [main] INFO  org.testng.internal.Utils - [Utils] MethodGroupsHelper.collectMethodsByGroup() took 0 ms.
2025-01-09 19:59:12 [main] INFO  org.testng.internal.Utils - [Utils] MethodGroupsHelper.sortMethods() took 0 ms.
2025-01-09 19:59:12 [main] INFO  org.testng.internal.Utils - [Utils] MethodGroupsHelper.collectMethodsByGroup() took 0 ms.
2025-01-09 19:59:12 [main] INFO  org.testng.internal.Utils - [Utils] MethodGroupsHelper.sortMethods() took 0 ms.
2025-01-09 19:59:12 [main] INFO  org.testng.internal.Utils - [Utils] MethodGroupsHelper.collectMethodsByGroup() took 1 ms.
2025-01-09 19:59:12 [main] INFO  org.testng.internal.Utils - [Utils] MethodGroupsHelper.sortMethods() took 1 ms.
2025-01-09 19:59:12 [main] INFO  org.testng.internal.Utils - [Utils] MethodGroupsHelper.collectMethodsByGroup() took 0 ms.
2025-01-09 19:59:12 [main] INFO  org.testng.internal.Utils - [Utils] MethodGroupsHelper.sortMethods() took 0 ms.
2025-01-09 19:59:12 [main] INFO  org.testng.internal.Utils - [Utils] MethodGroupsHelper.collectMethodsByGroup() took 4 ms.
2025-01-09 19:59:12 [main] INFO  org.testng.internal.Utils - [Utils] MethodGroupsHelper.sortMethods() took 0 ms.
2025-01-09 19:59:12 [main] INFO  org.testng.internal.Utils - [Utils] MethodGroupsHelper.collectMethodsByGroup() took 0 ms.
2025-01-09 19:59:12 [main] INFO  org.testng.internal.Utils - [Utils] MethodGroupsHelper.sortMethods() took 0 ms.
2025-01-09 19:59:12 [main] INFO  org.testng.internal.Utils - [Utils] MethodGroupsHelper.collectMethodsByGroup() took 0 ms.
2025-01-09 19:59:12 [main] INFO  org.testng.internal.Utils - [Utils] MethodGroupsHelper.sortMethods() took 0 ms.
2025-01-09 19:59:12 [main] INFO  org.testng.internal.Utils - [TestNG] Running:
  C:\Users\TechnoQA1\AppData\Local\Temp\testng-eclipse-534623528\testng-customsuite.xml

2025-01-09 19:59:12 [main] INFO  tests.logintest.SignUpTest - Starting test suite...
2025-01-09 19:59:12 [main] INFO  tests.logintest.SignUpTest - Detected browser: chrome
2025-01-09 19:59:17 [main] INFO  tests.logintest.SignUpTest - Chrome browser initialized.
2025-01-09 19:59:17 [main] INFO  tests.logintest.SignUpTest - Chrome browser setup completed.
2025-01-09 19:59:18 [main] INFO  tests.logintest.SignUpTest - Browser window maximized and cookies deleted.
2025-01-09 19:59:18 [main] INFO  tests.logintest.SignUpTest - Launching URL: https://glovbox.com.au
2025-01-09 19:59:20 [main] INFO  tests.logintest.SignUpTest - URL launched: https://glovbox.com.au
2025-01-09 19:59:20 [main] INFO  tests.logintest.SignUpTest - Test suite initialized successfully.
2025-01-09 19:59:20 [main] INFO  org.testng.internal.Utils - [Utils] DynamicGraphHelper.createDynamicGraph() took 131 ms.
2025-01-09 19:59:26 [main] INFO  org.testng.internal.Utils - [TestNG] Time taken by org.testng.reporters.jq.Main@69c93ca4: 188 ms
2025-01-09 19:59:26 [main] INFO  org.testng.internal.Utils - [TestNG] Time taken by org.testng.reporters.FailedReporter@63da207f: 1 ms
2025-01-09 19:59:26 [main] INFO  org.testng.internal.Utils - [TestNG] Time taken by org.testng.reporters.XMLReporter@71870da7: 14 ms
2025-01-09 19:59:26 [main] INFO  org.testng.internal.Utils - [TestNG] Time taken by org.testng.reporters.EmailableReporter2@3b6c624: 46 ms
2025-01-09 19:59:26 [main] INFO  org.testng.internal.Utils - [TestNG] Time taken by org.testng.reporters.JUnitReportReporter@652ab8d9: 15 ms
2025-01-09 19:59:26 [main] INFO  org.testng.internal.Utils - [TestNG] Time taken by org.testng.internal.ExitCodeListener@14fc5d40: 0 ms
