2025-01-09 20:09:58 [main] INFO  org.testng.internal.Utils - [Utils] MethodGroupsHelper.collectMethodsByGroup() took 16 ms.
2025-01-09 20:09:58 [main] INFO  org.testng.internal.Utils - [Utils] MethodGroupsHelper.sortMethods() took 22 ms.
2025-01-09 20:09:58 [main] INFO  org.testng.internal.Utils - [Utils] MethodGroupsHelper.collectMethodsByGroup() took 0 ms.
2025-01-09 20:09:58 [main] INFO  org.testng.internal.Utils - [Utils] MethodGroupsHelper.sortMethods() took 0 ms.
2025-01-09 20:09:58 [main] INFO  org.testng.internal.Utils - [Utils] MethodGroupsHelper.collectMethodsByGroup() took 0 ms.
2025-01-09 20:09:58 [main] INFO  org.testng.internal.Utils - [Utils] MethodGroupsHelper.sortMethods() took 0 ms.
2025-01-09 20:09:58 [main] INFO  org.testng.internal.Utils - [Utils] MethodGroupsHelper.collectMethodsByGroup() took 0 ms.
2025-01-09 20:09:58 [main] INFO  org.testng.internal.Utils - [Utils] MethodGroupsHelper.sortMethods() took 0 ms.
2025-01-09 20:09:58 [main] INFO  org.testng.internal.Utils - [Utils] MethodGroupsHelper.collectMethodsByGroup() took 0 ms.
2025-01-09 20:09:58 [main] INFO  org.testng.internal.Utils - [Utils] MethodGroupsHelper.sortMethods() took 0 ms.
2025-01-09 20:09:58 [main] INFO  org.testng.internal.Utils - [Utils] MethodGroupsHelper.collectMethodsByGroup() took 0 ms.
2025-01-09 20:09:58 [main] INFO  org.testng.internal.Utils - [Utils] MethodGroupsHelper.sortMethods() took 0 ms.
2025-01-09 20:09:58 [main] INFO  org.testng.internal.Utils - [Utils] MethodGroupsHelper.collectMethodsByGroup() took 0 ms.
2025-01-09 20:09:58 [main] INFO  org.testng.internal.Utils - [Utils] MethodGroupsHelper.sortMethods() took 0 ms.
2025-01-09 20:09:58 [main] INFO  org.testng.internal.Utils - [Utils] MethodGroupsHelper.collectMethodsByGroup() took 0 ms.
2025-01-09 20:09:58 [main] INFO  org.testng.internal.Utils - [Utils] MethodGroupsHelper.sortMethods() took 0 ms.
2025-01-09 20:09:58 [main] INFO  org.testng.internal.Utils - [Utils] MethodGroupsHelper.collectMethodsByGroup() took 0 ms.
2025-01-09 20:09:58 [main] INFO  org.testng.internal.Utils - [Utils] MethodGroupsHelper.sortMethods() took 0 ms.
2025-01-09 20:09:58 [main] INFO  org.testng.internal.Utils - [Utils] MethodGroupsHelper.collectMethodsByGroup() took 0 ms.
2025-01-09 20:09:58 [main] INFO  org.testng.internal.Utils - [Utils] MethodGroupsHelper.sortMethods() took 0 ms.
2025-01-09 20:09:58 [main] INFO  org.testng.internal.Utils - [Utils] MethodGroupsHelper.collectMethodsByGroup() took 1 ms.
2025-01-09 20:09:58 [main] INFO  org.testng.internal.Utils - [Utils] MethodGroupsHelper.sortMethods() took 0 ms.
2025-01-09 20:09:58 [main] INFO  org.testng.internal.Utils - [Utils] MethodGroupsHelper.collectMethodsByGroup() took 0 ms.
2025-01-09 20:09:58 [main] INFO  org.testng.internal.Utils - [Utils] MethodGroupsHelper.sortMethods() took 0 ms.
2025-01-09 20:09:58 [main] INFO  org.testng.internal.Utils - [Utils] MethodGroupsHelper.collectMethodsByGroup() took 0 ms.
2025-01-09 20:09:58 [main] INFO  org.testng.internal.Utils - [Utils] MethodGroupsHelper.sortMethods() took 0 ms.
2025-01-09 20:09:58 [main] INFO  org.testng.internal.Utils - [Utils] MethodGroupsHelper.collectMethodsByGroup() took 0 ms.
2025-01-09 20:09:58 [main] INFO  org.testng.internal.Utils - [Utils] MethodGroupsHelper.sortMethods() took 0 ms.
2025-01-09 20:09:58 [main] INFO  org.testng.internal.Utils - [Utils] MethodGroupsHelper.collectMethodsByGroup() took 0 ms.
2025-01-09 20:09:58 [main] INFO  org.testng.internal.Utils - [Utils] MethodGroupsHelper.sortMethods() took 0 ms.
2025-01-09 20:09:58 [main] INFO  org.testng.internal.Utils - [TestNG] Running:
  C:\Users\TechnoQA1\AppData\Local\Temp\testng-eclipse--27756247\testng-customsuite.xml

2025-01-09 20:09:58 [main] INFO  tests.logintest.SignUpTest - Starting test suite...
2025-01-09 20:09:58 [main] INFO  tests.logintest.SignUpTest - Detected browser: chrome
2025-01-09 20:10:01 [main] INFO  tests.logintest.SignUpTest - Chrome browser initialized.
2025-01-09 20:10:01 [main] INFO  tests.logintest.SignUpTest - Chrome browser setup completed.
2025-01-09 20:10:01 [main] INFO  tests.logintest.SignUpTest - Browser window maximized and cookies deleted.
2025-01-09 20:10:01 [main] INFO  tests.logintest.SignUpTest - Launching URL: https://glovbox.com.au
2025-01-09 20:10:02 [main] INFO  tests.logintest.SignUpTest - URL launched: https://glovbox.com.au
2025-01-09 20:10:02 [main] INFO  tests.logintest.SignUpTest - Test suite initialized successfully.
2025-01-09 20:10:02 [main] INFO  org.testng.internal.Utils - [Utils] DynamicGraphHelper.createDynamicGraph() took 117 ms.
